<?xml version="1.0" encoding="UTF-8"?>
<!-- Generated by org.testng.reporters.JUnitReportReporter -->
<testsuite hostname="Nikhil" failures="0" tests="3" name="TestClass.TestClass1" time="24.128" errors="0" timestamp="2022-03-29T13:33:25 IST" skipped="0">
  <testcase classname="TestClass.TestClass1" name="logintofpkt" time="6.837"/>
  <system-out/>
  <testcase classname="TestClass.TestClass1" name="Myprofilepagefpkt" time="5.732"/>
  <system-out/>
  <testcase classname="TestClass.TestClass1" name="Myprofilepagefpkt" time="11.559"/>
  <system-out/>
</testsuite> <!-- TestClass.TestClass1 -->
